<?xml version="1.0" encoding="UTF-8"?>
<!-- Generated by org.testng.reporters.JUnitReportReporter -->
<testsuite hostname="DESKTOP-B3BE79K" failures="0" tests="1" name="com.hrms.parallel.TC001" time="52.267" errors="0" timestamp="17 Jun 2022 09:10:20 GMT">
  <testcase classname="com.hrms.parallel.TC001" name="openFF" time="52.267"/>
</testsuite> <!-- com.hrms.parallel.TC001 -->
